<?xml version="1.0" encoding="UTF-8"?>
<testsuite name="pl.edu.agh.kis.java2015.domain.HeapTest" tests="16" skipped="0" failures="0" errors="0" timestamp="2018-11-04T14:42:34" hostname="Michal-PC" time="0.022">
  <properties/>
  <testcase name="deleteMaxFrom3_4_3_2Heap_maxIs3" classname="pl.edu.agh.kis.java2015.domain.HeapTest" time="0.001"/>
  <testcase name="makeHeapFromArrayList" classname="pl.edu.agh.kis.java2015.domain.HeapTest" time="0.0"/>
  <testcase name="insert0And2And3And5And6intoNewHeap_topIs6" classname="pl.edu.agh.kis.java2015.domain.HeapTest" time="0.0"/>
  <testcase name="replaceEmptyHeapThrowException" classname="pl.edu.agh.kis.java2015.domain.HeapTest" time="0.0"/>
  <testcase name="mergeTwoHeaps_maxFromFirst" classname="pl.edu.agh.kis.java2015.domain.HeapTest" time="0.0"/>
  <testcase name="insert0AndThen2intoNewHeap_topIs2" classname="pl.edu.agh.kis.java2015.domain.HeapTest" time="0.0"/>
  <testcase name="meldTwoHeaps_maxFromSecond" classname="pl.edu.agh.kis.java2015.domain.HeapTest" time="0.0"/>
  <testcase name="insert3andExtractMax_maxIs3" classname="pl.edu.agh.kis.java2015.domain.HeapTest" time="0.0"/>
  <testcase name="mergeTwoHeaps_maxFromSecond" classname="pl.edu.agh.kis.java2015.domain.HeapTest" time="0.0"/>
  <testcase name="insert3And3And2And4AndExtractMax_maxIs4" classname="pl.edu.agh.kis.java2015.domain.HeapTest" time="0.0"/>
  <testcase name="insert0intoNewHeap_topIs0" classname="pl.edu.agh.kis.java2015.domain.HeapTest" time="0.0"/>
  <testcase name="replace3_7_4_2HeapWith2_maxIs2" classname="pl.edu.agh.kis.java2015.domain.HeapTest" time="0.0"/>
  <testcase name="makeHeapFromArray" classname="pl.edu.agh.kis.java2015.domain.HeapTest" time="0.0"/>
  <testcase name="makeHeapFromLinkedList" classname="pl.edu.agh.kis.java2015.domain.HeapTest" time="0.0"/>
  <testcase name="replace3_4_3_2HeapWith7_maxIs7" classname="pl.edu.agh.kis.java2015.domain.HeapTest" time="0.0"/>
  <testcase name="extractEmptyHeapThrowException" classname="pl.edu.agh.kis.java2015.domain.HeapTest" time="0.001"/>
  <system-out><![CDATA[]]></system-out>
  <system-err><![CDATA[]]></system-err>
</testsuite>
