<?xml version="1.0" encoding="UTF-8"?>
<testsuite name="pytania.MammothTests" tests="3" skipped="0" failures="0" errors="0" timestamp="2018-11-04T14:42:34" hostname="Michal-PC" time="0.0">
  <properties/>
  <testcase name="correctFoodTest" classname="pytania.MammothTests" time="0.0"/>
  <testcase name="throwsInadequateFoodException" classname="pytania.MammothTests" time="0.0"/>
  <testcase name="throwsInadequateFoodExceptionWithMessage" classname="pytania.MammothTests" time="0.0"/>
  <system-out><![CDATA[]]></system-out>
  <system-err><![CDATA[]]></system-err>
</testsuite>
